<?xml version="1.0" encoding="UTF-8"?>
<testsuite name="labTest.SumVerifyTest" tests="1" skipped="0" failures="0" errors="0" timestamp="2021-09-18T13:32:36" hostname="DESKTOP-I0JKDSF" time="41.226">
  <properties/>
  <testcase name="givenFilter_whenTheMostExpensiveProductAddedToCart_thenTotalPriceLessThanBound[0](model.RozetkaFilter@ed08ddf)" classname="labTest.SumVerifyTest" time="41.226"/>
  <system-out><![CDATA[]]></system-out>
  <system-err><![CDATA[Starting ChromeDriver 93.0.4577.63 (ff5c0da2ec0adeaed5550e6c7e98417dac77d98a-refs/branch-heads/4577@{#1135}) on port 19974
Only local connections are allowed.
Please see https://chromedriver.chromium.org/security-considerations for suggestions on keeping ChromeDriver safe.
ChromeDriver was started successfully.
сент. 18, 2021 4:32:34 PM org.openqa.selenium.remote.ProtocolHandshake createSession
INFO: Detected dialect: W3C
]]></system-err>
</testsuite>
